<?xml version="1.0" encoding="UTF-8"?>
<testng-results ignored="0" total="1" passed="1" failed="0" skipped="0">
  <reporter-output>
  </reporter-output>
  <suite started-at="2024-09-08T13:34:50 IST" name="Default suite" finished-at="2024-09-08T13:37:53 IST" duration-ms="183559">
    <groups>
      <group name="cucumber">
        <method signature="AbstractTestNGCucumberTests.runScenario(io.cucumber.testng.PickleWrapper,io.cucumber.testng.FeatureWrapper)[pri:0, instance:testrunners.EmployeeregTestcase@3c46e67a]" name="runScenario" class="io.cucumber.testng.AbstractTestNGCucumberTests"/>
      </group> <!-- cucumber -->
    </groups>
    <test started-at="2024-09-08T13:34:50 IST" name="Default test" finished-at="2024-09-08T13:37:53 IST" duration-ms="183559">
      <class name="testrunners.EmployeeregTestcase">
        <test-method is-config="true" signature="setUpClass(org.testng.ITestContext)[pri:0, instance:testrunners.EmployeeregTestcase@3c46e67a]" started-at="2024-09-08T13:34:50 IST" name="setUpClass" finished-at="2024-09-08T13:34:54 IST" duration-ms="3599" status="PASS">
          <params>
            <param index="0">
              <value>
                <![CDATA[org.testng.TestRunner@6fa69af7]]>
              </value>
            </param>
          </params>
          <reporter-output>
          </reporter-output>
        </test-method> <!-- setUpClass -->
        <test-method signature="runScenario(io.cucumber.testng.PickleWrapper,io.cucumber.testng.FeatureWrapper)[pri:0, instance:testrunners.EmployeeregTestcase@3c46e67a]" started-at="2024-09-08T13:34:54 IST" name="runScenario" description="Runs Cucumber Scenarios" data-provider="scenarios" finished-at="2024-09-08T13:37:53 IST" duration-ms="179179" status="PASS">
          <params>
            <param index="0">
              <value>
                <![CDATA["admin create employee data"]]>
              </value>
            </param>
            <param index="1">
              <value>
                <![CDATA["check admin able to register employee or not"]]>
              </value>
            </param>
          </params>
          <reporter-output>
          </reporter-output>
        </test-method> <!-- runScenario -->
        <test-method is-config="true" signature="tearDownClass()[pri:0, instance:testrunners.EmployeeregTestcase@3c46e67a]" started-at="2024-09-08T13:37:53 IST" name="tearDownClass" finished-at="2024-09-08T13:37:53 IST" duration-ms="412" status="PASS">
          <reporter-output>
          </reporter-output>
        </test-method> <!-- tearDownClass -->
      </class> <!-- testrunners.EmployeeregTestcase -->
    </test> <!-- Default test -->
  </suite> <!-- Default suite -->
</testng-results>
